2019-07-03 00:11:17.198 - Info	
Packing F:\Practice\CRM\Powerapps Component Framework\Rating\Solution\obj\Debug\ to bin\Debug\\Solution.zip and bin\Debug\Solution_managed.zip

2019-07-03 00:11:17.228 - Info	Processing Component: Entities
2019-07-03 00:11:17.236 - Info	Processing Component: Roles
2019-07-03 00:11:17.244 - Info	Processing Component: Workflows
2019-07-03 00:11:17.244 - Info	Processing Component: FieldSecurityProfiles
2019-07-03 00:11:17.246 - Info	Processing Component: Templates
2019-07-03 00:11:17.248 - Info	Processing Component: EntityMaps
2019-07-03 00:11:17.248 - Info	Processing Component: EntityRelationships
2019-07-03 00:11:17.270 - Info	Processing Component: OrganizationSettings
2019-07-03 00:11:17.272 - Info	Processing Component: optionsets
2019-07-03 00:11:17.273 - Info	Processing Component: CustomControls
2019-07-03 00:11:17.308 - Info	 - XRMControls.RatingControl
2019-07-03 00:11:17.438 - Info	Processing Component: EntityDataProviders
2019-07-03 00:11:17.524 - Info	
Unmanaged Pack complete.

2019-07-03 00:11:17.526 - Info	Processing Component: Entities
2019-07-03 00:11:17.526 - Info	Processing Component: Roles
2019-07-03 00:11:17.527 - Info	Processing Component: Workflows
2019-07-03 00:11:17.527 - Info	Processing Component: FieldSecurityProfiles
2019-07-03 00:11:17.527 - Info	Processing Component: Templates
2019-07-03 00:11:17.527 - Info	Processing Component: EntityMaps
2019-07-03 00:11:17.528 - Info	Processing Component: EntityRelationships
2019-07-03 00:11:17.528 - Info	Processing Component: OrganizationSettings
2019-07-03 00:11:17.529 - Info	Processing Component: optionsets
2019-07-03 00:11:17.529 - Info	Processing Component: CustomControls
2019-07-03 00:11:17.531 - Info	 - XRMControls.RatingControl
2019-07-03 00:11:17.534 - Info	Processing Component: EntityDataProviders
2019-07-03 00:11:17.591 - Info	
Managed Pack complete.

